# JRE version: OpenJDK Runtime Environment (8.0_242-b01) (build 1.8.0_242-release-1644-b01)
# Java VM: OpenJDK 64-Bit Server VM (25.242-b01 mixed mode windows-amd64 compressed oops)
Heap:
 PSYoungGen      total 240128K, used 135401K [0x00000000d5580000, 0x00000000e7380000, 0x0000000100000000)
  eden space 200704K, 57% used [0x00000000d5580000,0x00000000dc69e418,0x00000000e1980000)
  from space 39424K, 49% used [0x00000000e1980000,0x00000000e2cbb6b0,0x00000000e4000000)
  to   space 37888K, 0% used [0x00000000e4e80000,0x00000000e4e80000,0x00000000e7380000)
 ParOldGen       total 212992K, used 42342K [0x0000000080000000, 0x000000008d000000, 0x00000000d5580000)
  object space 212992K, 19% used [0x0000000080000000,0x00000000829599d8,0x000000008d000000)
 Metaspace       used 100209K, capacity 105458K, committed 106792K, reserved 1140736K
  class space    used 13202K, capacity 14248K, committed 14632K, reserved 1048576K
GC Heap History (10 events):
Event: 7994.018 GC heap before
{Heap before GC invocations=21 (full 3):
 PSYoungGen      total 253440K, used 246838K [0x00000000d5580000, 0x00000000e8e80000, 0x0000000100000000)
  eden space 213504K, 100% used [0x00000000d5580000,0x00000000e2600000,0x00000000e2600000)
  from space 39936K, 83% used [0x00000000e2600000,0x00000000e468d998,0x00000000e4d00000)
  to   space 43520K, 0% used [0x00000000e6400000,0x00000000e6400000,0x00000000e8e80000)
 ParOldGen       total 141312K, used 67192K [0x0000000080000000, 0x0000000088a00000, 0x00000000d5580000)
  object space 141312K, 47% used [0x0000000080000000,0x000000008419e258,0x0000000088a00000)
 Metaspace       used 91601K, capacity 97562K, committed 97712K, reserved 1134592K
  class space    used 12302K, capacity 13398K, committed 13488K, reserved 1048576K
Event: 7994.314 GC heap after
Heap after GC invocations=21 (full 3):
 PSYoungGen      total 228352K, used 21077K [0x00000000d5580000, 0x00000000e7900000, 0x0000000100000000)
  eden space 206848K, 0% used [0x00000000d5580000,0x00000000d5580000,0x00000000e1f80000)
  from space 21504K, 98% used [0x00000000e6400000,0x00000000e7895788,0x00000000e7900000)
  to   space 41984K, 0% used [0x00000000e2700000,0x00000000e2700000,0x00000000e5000000)
 ParOldGen       total 141312K, used 67200K [0x0000000080000000, 0x0000000088a00000, 0x00000000d5580000)
  object space 141312K, 47% used [0x0000000080000000,0x00000000841a0258,0x0000000088a00000)
 Metaspace       used 91601K, capacity 97562K, committed 97712K, reserved 1134592K
  class space    used 12302K, capacity 13398K, committed 13488K, reserved 1048576K
}
Event: 8109.803 GC heap before
{Heap before GC invocations=22 (full 3):
 PSYoungGen      total 228352K, used 106051K [0x00000000d5580000, 0x00000000e7900000, 0x0000000100000000)
  eden space 206848K, 41% used [0x00000000d5580000,0x00000000da87b478,0x00000000e1f80000)
  from space 21504K, 98% used [0x00000000e6400000,0x00000000e7895788,0x00000000e7900000)
  to   space 41984K, 0% used [0x00000000e2700000,0x00000000e2700000,0x00000000e5000000)
 ParOldGen       total 141312K, used 67200K [0x0000000080000000, 0x0000000088a00000, 0x00000000d5580000)
  object space 141312K, 47% used [0x0000000080000000,0x00000000841a0258,0x0000000088a00000)
 Metaspace       used 92431K, capacity 98436K, committed 98600K, reserved 1134592K
  class space    used 12377K, capacity 13499K, committed 13608K, reserved 1048576K
Event: 8109.844 GC heap after
Heap after GC invocations=22 (full 3):
 PSYoungGen      total 219136K, used 18660K [0x00000000d5580000, 0x00000000e6700000, 0x0000000100000000)
  eden space 200192K, 0% used [0x00000000d5580000,0x00000000d5580000,0x00000000e1900000)
  from space 18944K, 98% used [0x00000000e2700000,0x00000000e39391c8,0x00000000e3980000)
  to   space 39936K, 0% used [0x00000000e4000000,0x00000000e4000000,0x00000000e6700000)
 ParOldGen       total 141312K, used 67208K [0x0000000080000000, 0x0000000088a00000, 0x00000000d5580000)
  object space 141312K, 47% used [0x0000000080000000,0x00000000841a2258,0x0000000088a00000)
 Metaspace       used 92431K, capacity 98436K, committed 98600K, reserved 1134592K
  class space    used 12377K, capacity 13499K, committed 13608K, reserved 1048576K
}
Event: 8109.850 GC heap before
{Heap before GC invocations=23 (full 4):
 PSYoungGen      total 219136K, used 18660K [0x00000000d5580000, 0x00000000e6700000, 0x0000000100000000)
  eden space 200192K, 0% used [0x00000000d5580000,0x00000000d5580000,0x00000000e1900000)
  from space 18944K, 98% used [0x00000000e2700000,0x00000000e39391c8,0x00000000e3980000)
  to   space 39936K, 0% used [0x00000000e4000000,0x00000000e4000000,0x00000000e6700000)
 ParOldGen       total 141312K, used 67208K [0x0000000080000000, 0x0000000088a00000, 0x00000000d5580000)
  object space 141312K, 47% used [0x0000000080000000,0x00000000841a2258,0x0000000088a00000)
 Metaspace       used 92431K, capacity 98436K, committed 98600K, reserved 1134592K
  class space    used 12377K, capacity 13499K, committed 13608K, reserved 1048576K
Event: 8110.377 GC heap after
Heap after GC invocations=23 (full 4):
 PSYoungGen      total 219136K, used 0K [0x00000000d5580000, 0x00000000e6700000, 0x0000000100000000)
  eden space 200192K, 0% used [0x00000000d5580000,0x00000000d5580000,0x00000000e1900000)
  from space 18944K, 0% used [0x00000000e2700000,0x00000000e2700000,0x00000000e3980000)
  to   space 39936K, 0% used [0x00000000e4000000,0x00000000e4000000,0x00000000e6700000)
 ParOldGen       total 212992K, used 42326K [0x0000000080000000, 0x000000008d000000, 0x00000000d5580000)
  object space 212992K, 19% used [0x0000000080000000,0x00000000829559d8,0x000000008d000000)
 Metaspace       used 91027K, capacity 95058K, committed 98600K, reserved 1134592K
  class space    used 11985K, capacity 12798K, committed 13608K, reserved 1048576K
}
Event: 8112.250 GC heap before
{Heap before GC invocations=24 (full 4):
 PSYoungGen      total 219136K, used 200178K [0x00000000d5580000, 0x00000000e6700000, 0x0000000100000000)
  eden space 200192K, 99% used [0x00000000d5580000,0x00000000e18fc880,0x00000000e1900000)
  from space 18944K, 0% used [0x00000000e2700000,0x00000000e2700000,0x00000000e3980000)
  to   space 39936K, 0% used [0x00000000e4000000,0x00000000e4000000,0x00000000e6700000)
 ParOldGen       total 212992K, used 42326K [0x0000000080000000, 0x000000008d000000, 0x00000000d5580000)
  object space 212992K, 19% used [0x0000000080000000,0x00000000829559d8,0x000000008d000000)
 Metaspace       used 91603K, capacity 95880K, committed 99112K, reserved 1134592K
  class space    used 12049K, capacity 12869K, committed 13608K, reserved 1048576K
Event: 8112.282 GC heap after
Heap after GC invocations=24 (full 4):
 PSYoungGen      total 240640K, used 9834K [0x00000000d5580000, 0x00000000e7a00000, 0x0000000100000000)
  eden space 200704K, 0% used [0x00000000d5580000,0x00000000d5580000,0x00000000e1980000)
  from space 39936K, 24% used [0x00000000e4000000,0x00000000e499ab48,0x00000000e6700000)
  to   space 39424K, 0% used [0x00000000e1980000,0x00000000e1980000,0x00000000e4000000)
 ParOldGen       total 212992K, used 42334K [0x0000000080000000, 0x000000008d000000, 0x00000000d5580000)
  object space 212992K, 19% used [0x0000000080000000,0x00000000829579d8,0x000000008d000000)
 Metaspace       used 91603K, capacity 95880K, committed 99112K, reserved 1134592K
  class space    used 12049K, capacity 12869K, committed 13608K, reserved 1048576K
}
Event: 8292.647 GC heap before
{Heap before GC invocations=25 (full 4):
 PSYoungGen      total 240640K, used 210538K [0x00000000d5580000, 0x00000000e7a00000, 0x0000000100000000)
  eden space 200704K, 100% used [0x00000000d5580000,0x00000000e1980000,0x00000000e1980000)
  from space 39936K, 24% used [0x00000000e4000000,0x00000000e499ab48,0x00000000e6700000)
  to   space 39424K, 0% used [0x00000000e1980000,0x00000000e1980000,0x00000000e4000000)
 ParOldGen       total 212992K, used 42334K [0x0000000080000000, 0x000000008d000000, 0x00000000d5580000)
  object space 212992K, 19% used [0x0000000080000000,0x00000000829579d8,0x000000008d000000)
 Metaspace       used 97873K, capacity 102806K, committed 104744K, reserved 1140736K
  class space    used 12914K, capacity 13879K, committed 14376K, reserved 1048576K
Event: 8292.666 GC heap after
Heap after GC invocations=25 (full 4):
 PSYoungGen      total 240128K, used 19693K [0x00000000d5580000, 0x00000000e7380000, 0x0000000100000000)
  eden space 200704K, 0% used [0x00000000d5580000,0x00000000d5580000,0x00000000e1980000)
  from space 39424K, 49% used [0x00000000e1980000,0x00000000e2cbb6b0,0x00000000e4000000)
  to   space 37888K, 0% used [0x00000000e4e80000,0x00000000e4e80000,0x00000000e7380000)
 ParOldGen       total 212992K, used 42342K [0x0000000080000000, 0x000000008d000000, 0x00000000d5580000)
  object space 212992K, 19% used [0x0000000080000000,0x00000000829599d8,0x000000008d000000)
 Metaspace       used 97873K, capacity 102806K, committed 104744K, reserved 1140736K
  class space    used 12914K, capacity 13879K, committed 14376K, reserved 1048576K
}

